<?xml version="1.0" encoding="utf-8"?>
<TestRun id="c96d074b-8755-4b2f-8245-fdf2aa60b7b8" name="aiczk@DESKTOP-CLGMMMP 2026-03-14 14:49:47" runUser="DESKTOP-CLGMMMP\aiczk" xmlns="http://microsoft.com/schemas/VisualStudio/TeamTest/2010">
  <Times creation="2026-03-14T14:49:47.3774420+09:00" queuing="2026-03-14T14:49:47.3774424+09:00" start="2026-03-14T14:49:46.0909186+09:00" finish="2026-03-14T14:49:47.3843911+09:00" />
  <TestSettings name="default" id="3dfb784c-3f57-4415-b7e3-aaff2c79a3b0">
    <Deployment runDeploymentRoot="aiczk_DESKTOP-CLGMMMP_2026-03-14_14_49_47" />
  </TestSettings>
  <Results>
    <UnitTestResult executionId="dc7f6572-ce30-4c46-baf4-810905467f93" testId="87a14ebd-cf54-082a-fd48-ea70fe5fc86b" testName="USugar.Tests.DebugGetComp.DumpUasm" computerName="DESKTOP-CLGMMMP" duration="00:00:00.6252142" startTime="2026-03-14T14:49:47.2757316+09:00" endTime="2026-03-14T14:49:47.2757615+09:00" testType="13cdc9d9-ddb5-4fa4-a97d-d965ccfc6d4b" outcome="Passed" testListId="8c84fa94-04c1-424b-9868-57a2d4851a1d" relativeResultsDirectory="dc7f6572-ce30-4c46-baf4-810905467f93">
      <Output>
        <StdOut># Generated by USugar
.data_start
    __refl_typeid: %SystemInt64, null
    __refl_typename: %SystemString, null
    __intnl_returnJump_SystemUInt32_0: %SystemUInt32, 0xFFFFFFFF
    __const_SystemUInt32_0: %SystemUInt32, null
    __lcl_col_UnityEngineBoxCollider_0: %UnityEngineBoxCollider, null
    __this_UnityEngineTransform_0: %UnityEngineTransform, this
    __const_SystemType_0: %SystemType, null
.data_end
.code_start
    .export _start
    _start:
        PUSH, __const_SystemUInt32_0
    _start__body:
        PUSH, __this_UnityEngineTransform_0
        PUSH, __const_SystemType_0
        PUSH, __lcl_col_UnityEngineBoxCollider_0
        EXTERN, "UnityEngineComponent.__GetComponent__T"
        PUSH, __lcl_col_UnityEngineBoxCollider_0
        EXTERN, "UnityEngineDebug.__Log__SystemObject__SystemVoid"
        PUSH, __intnl_returnJump_SystemUInt32_0
        COPY
        JUMP_INDIRECT, __intnl_returnJump_SystemUInt32_0
.code_end</StdOut>
      </Output>
    </UnitTestResult>
  </Results>
  <TestDefinitions>
    <UnitTest name="USugar.Tests.DebugGetComp.DumpUasm" storage="e:\develop\unity\projects\udonlambda\assets\usugar\editor~\tests\bin\debug\net9.0\usugartests.dll" id="87a14ebd-cf54-082a-fd48-ea70fe5fc86b">
      <Execution id="dc7f6572-ce30-4c46-baf4-810905467f93" />
      <TestMethod codeBase="E:\Develop\Unity\Projects\UdonLambda\Assets\USugar\Editor~\Tests\bin\Debug\net9.0\USugarTests.dll" adapterTypeName="executor://xunit/VsTestRunner2/netcoreapp" className="USugar.Tests.DebugGetComp" name="DumpUasm" />
    </UnitTest>
  </TestDefinitions>
  <TestEntries>
    <TestEntry testId="87a14ebd-cf54-082a-fd48-ea70fe5fc86b" executionId="dc7f6572-ce30-4c46-baf4-810905467f93" testListId="8c84fa94-04c1-424b-9868-57a2d4851a1d" />
  </TestEntries>
  <TestLists>
    <TestList name="一覧に存在しない結果" id="8c84fa94-04c1-424b-9868-57a2d4851a1d" />
    <TestList name="読み込まれたすべての結果" id="19431567-8539-422a-85d7-44ee4e166bda" />
  </TestLists>
  <ResultSummary outcome="Completed">
    <Counters total="1" executed="1" passed="1" failed="0" error="0" timeout="0" aborted="0" inconclusive="0" passedButRunAborted="0" notRunnable="0" notExecuted="0" disconnected="0" warning="0" completed="0" inProgress="0" pending="0" />
    <Output>
      <StdOut>[xUnit.net 00:00:00.00] xUnit.net VSTest Adapter v2.5.6+bf9b858c26 (64-bit .NET 9.0.3)&#xD;
[xUnit.net 00:00:00.06]   Discovering: USugarTests&#xD;
[xUnit.net 00:00:00.15]   Discovered:  USugarTests&#xD;
[xUnit.net 00:00:00.16]   Starting:    USugarTests&#xD;
[xUnit.net 00:00:00.82]   Finished:    USugarTests&#xD;
</StdOut>
    </Output>
  </ResultSummary>
</TestRun>